<?xml version="1.0" encoding="UTF-8"?>
<!-- Generated by org.testng.reporters.JUnitReportReporter -->
<testsuite hostname="Rabbit-PC" name="testscripts.HomeScreenTest" tests="1" failures="0" timestamp="21 Mar 2017 09:33:40 GMT" time="77.412" errors="0">
  <testcase name="homeScreen" time="77.412" classname="testscripts.HomeScreenTest"/>
</testsuite> <!-- testscripts.HomeScreenTest -->
