<?xml version="1.0" encoding="UTF-8"?>
<!-- Generated by org.testng.reporters.JUnitReportReporter -->
<testsuite hostname="Rabbit-PC" name="com.testscripts.com.MyPrioritiesTest" tests="1" failures="0" timestamp="10 Jan 2017 06:01:16 GMT" time="42.589" errors="0">
  <testcase name="myPriority" time="42.589" classname="com.testscripts.com.MyPrioritiesTest"/>
</testsuite> <!-- com.testscripts.com.MyPrioritiesTest -->
