<?xml version="1.0" encoding="UTF-8"?>
<!-- Generated by org.testng.reporters.JUnitReportReporter -->
<testsuite hostname="Rabbit-PC" name="com.testscripts.com.HomeScreenTest" tests="1" failures="0" timestamp="16 Mar 2017 13:00:22 GMT" time="52.495" errors="0">
  <testcase name="homeScreen" time="52.495" classname="com.testscripts.com.HomeScreenTest"/>
</testsuite> <!-- com.testscripts.com.HomeScreenTest -->
