<?xml version="1.0" encoding="UTF-8"?>
<!-- Generated by org.testng.reporters.JUnitReportReporter -->
<testsuite hostname="Rabbit-PC" name="testscripts.NavigationsTest" tests="1" failures="0" timestamp="22 Mar 2017 12:29:41 GMT" time="234.689" errors="0">
  <testcase name="navigationScreen" time="234.689" classname="testscripts.NavigationsTest"/>
</testsuite> <!-- testscripts.NavigationsTest -->
