<?xml version="1.0" encoding="UTF-8"?>
<!-- Generated by org.testng.reporters.JUnitReportReporter -->
<testsuite hostname="Rabbit-PC" name="testscripts.WhatsImportantToMe" tests="1" failures="0" timestamp="22 Mar 2017 04:36:40 GMT" time="87.949" errors="0">
  <testcase name="whatsImpoartantToMe" time="87.949" classname="testscripts.WhatsImportantToMe"/>
</testsuite> <!-- testscripts.WhatsImportantToMe -->
