<?xml version="1.0" encoding="UTF-8"?>
<!-- Generated by org.testng.reporters.JUnitReportReporter -->
<testsuite hostname="Rabbit-PC" name="testscripts.HowIPreferToWorkTest" tests="1" failures="0" timestamp="22 Mar 2017 04:34:52 GMT" time="80.138" errors="0">
  <testcase name="howIPreferToWork" time="80.138" classname="testscripts.HowIPreferToWorkTest"/>
</testsuite> <!-- testscripts.HowIPreferToWorkTest -->
