<?xml version="1.0" encoding="UTF-8"?>
<!-- Generated by org.testng.reporters.JUnitReportReporter -->
<testsuite hostname="Rabbit-PC" name="testscripts.WhenIPrefertoWorkTest" tests="1" failures="0" timestamp="22 Mar 2017 04:40:13 GMT" time="86.920" errors="0">
  <testcase name="whenIPreferToWork" time="86.920" classname="testscripts.WhenIPrefertoWorkTest"/>
</testsuite> <!-- testscripts.WhenIPrefertoWorkTest -->
