<?xml version="1.0" encoding="UTF-8"?>
<!-- Generated by org.testng.reporters.JUnitReportReporter -->
<testsuite hostname="Rabbit-PC" name="testscripts.WhenImBusyTest" tests="1" failures="0" timestamp="22 Mar 2017 04:38:27 GMT" time="87.434" errors="0">
  <testcase name="whenImBusy" time="87.434" classname="testscripts.WhenImBusyTest"/>
</testsuite> <!-- testscripts.WhenImBusyTest -->
