<?xml version="1.0" encoding="UTF-8"?>
<!-- Generated by org.testng.reporters.JUnitReportReporter -->
<testsuite hostname="Rabbit-PC" name="testscripts.LoginScreenTest" tests="4" failures="0" timestamp="22 Mar 2017 07:10:20 GMT" time="157.821" errors="0">
  <testcase name="ui" time="16.604" classname="testscripts.LoginScreenTest"/>
  <testcase name="login" time="26.511" classname="testscripts.LoginScreenTest"/>
  <testcase name="login" time="23.281" classname="testscripts.LoginScreenTest"/>
  <testcase name="login" time="91.425" classname="testscripts.LoginScreenTest"/>
</testsuite> <!-- testscripts.LoginScreenTest -->
