<?xml version="1.0" encoding="UTF-8"?>
<!-- Generated by org.testng.reporters.JUnitReportReporter -->
<testsuite hostname="Rabbit-PC" name="testscripts.MyProfileTest" tests="5" failures="0" timestamp="21 Mar 2017 06:05:55 GMT" time="485.215" errors="0">
  <testcase name="myProfile" time="154.708" classname="testscripts.MyProfileTest"/>
  <testcase name="myProfile" time="141.395" classname="testscripts.MyProfileTest"/>
  <testcase name="loginScreen" time="31.681" classname="testscripts.MyProfileTest"/>
  <testcase name="myProfile" time="154.143" classname="testscripts.MyProfileTest"/>
  <testcase name="logout" time="3.288" classname="testscripts.MyProfileTest"/>
</testsuite> <!-- testscripts.MyProfileTest -->
