<?xml version="1.0" encoding="UTF-8"?>
<!-- Generated by org.testng.reporters.JUnitReportReporter -->
<testsuite hostname="Rabbit-PC" name="testscripts.ShiftOffersTest" tests="1" failures="0" timestamp="22 Mar 2017 09:36:18 GMT" time="188.957" errors="0">
  <testcase name="ShiftOffers" time="188.957" classname="testscripts.ShiftOffersTest"/>
</testsuite> <!-- testscripts.ShiftOffersTest -->
